MyApplication/app/build/intermediates/manifest_merge_blame_file/debug/manifest-merger-blame-debug-report.txt
1<?xml version="1.0" encoding="utf-8"?>
2<manifest xmlns:android="http://schemas.android.com/apk/res/android"
3    package="com.example.myapplication"
4    android:versionCode="1"
5    android:versionName="1.0" >
6
7    <uses-sdk
8        android:minSdkVersion="19"
8-->src\main\AndroidManifest.xml
9        android:targetSdkVersion="29" />
9-->src\main\AndroidManifest.xml
10
11    <uses-permission android:name="android.permission.USE_FULL_SCREEN_INTENT" />
11-->src\main\AndroidManifest.xml:5:5-81
11-->src\main\AndroidManifest.xml:5:22-78
12    <uses-permission android:name="android.permission.READ_CALL_LOG" /> <!-- 갤러리 권한 -->
12-->src\main\AndroidManifest.xml:6:5-72
12-->src\main\AndroidManifest.xml:6:22-69
13    <uses-permission android:name="android.permission.WRITE_EXTERNAL_STORAGE" />
13-->src\main\AndroidManifest.xml:7:5-81
13-->src\main\AndroidManifest.xml:7:22-78
14    <uses-permission android:name="android.permission.READ_EXTERNAL_STORAGE" /> <!-- 갤러리 권한 -->
14-->src\main\AndroidManifest.xml:8:5-80
14-->src\main\AndroidManifest.xml:8:22-77
15    <uses-permission android:name="android.permission.CAMERA" />
15-->src\main\AndroidManifest.xml:9:5-65
15-->src\main\AndroidManifest.xml:9:22-62
16    <uses-permission android:name="android.permission.INTERNET" />
16-->src\main\AndroidManifest.xml:10:5-67
16-->src\main\AndroidManifest.xml:10:22-64
17    <uses-permission android:name="android.permission.ACCESS_BACKGROUND_LOCATION" /> <!-- Location -->
17-->src\main\AndroidManifest.xml:11:5-85
17-->src\main\AndroidManifest.xml:11:22-82
18    <!-- 정확한 위치 -->
19    <uses-permission android:name="android.permission.ACCESS_FINE_LOCATION" /> <!-- 대략적인 위치 -->
19-->src\main\AndroidManifest.xml:13:5-79
19-->src\main\AndroidManifest.xml:13:22-76
20    <uses-permission android:name="android.permission.ACCESS_COARSE_LOCATION" />
20-->src\main\AndroidManifest.xml:14:5-81
20-->src\main\AndroidManifest.xml:14:22-78
21
22    <!-- Although the *SdkVersion is captured in gradle build files, this is required for non gradle builds -->
23    <!-- <uses-sdk android:minSdkVersion="14"/> -->
24    <uses-permission android:name="android.permission.ACCESS_NETWORK_STATE" />
24-->[com.google.firebase:firebase-storage:20.0.0] AndroidManifest.xml:26:5-79
24-->[com.google.firebase:firebase-storage:20.0.0] AndroidManifest.xml:26:22-76
25
26    <queries>
26-->[com.google.firebase:firebase-inappmessaging-display:20.0.0] AndroidManifest.xml:14:5-20:15
27        <intent>
27-->[com.google.firebase:firebase-inappmessaging-display:20.0.0] AndroidManifest.xml:15:9-19:18
28            <action android:name="android.intent.action.VIEW" />
28-->src\main\AndroidManifest.xml:65:17-69
28-->src\main\AndroidManifest.xml:65:25-66
29
30            <data android:scheme="https" />
30-->src\main\AndroidManifest.xml:70:17-73:46
30-->src\main\AndroidManifest.xml:73:21-43
31        </intent>
32    </queries>
33
34    <uses-permission android:name="android.permission.WAKE_LOCK" />
34-->[androidx.work:work-runtime:2.5.0] AndroidManifest.xml:25:5-68
34-->[androidx.work:work-runtime:2.5.0] AndroidManifest.xml:25:22-65
35    <uses-permission android:name="android.permission.RECEIVE_BOOT_COMPLETED" />
35-->[androidx.work:work-runtime:2.5.0] AndroidManifest.xml:27:5-81
35-->[androidx.work:work-runtime:2.5.0] AndroidManifest.xml:27:22-78
36    <uses-permission android:name="android.permission.FOREGROUND_SERVICE" /> <!-- Required by older versions of Google Play services to create IID tokens -->
36-->[androidx.work:work-runtime:2.5.0] AndroidManifest.xml:28:5-77
36-->[androidx.work:work-runtime:2.5.0] AndroidManifest.xml:28:22-74
37    <uses-permission android:name="com.google.android.c2dm.permission.RECEIVE" />
37-->[com.google.firebase:firebase-messaging:22.0.0] AndroidManifest.xml:25:5-82
37-->[com.google.firebase:firebase-messaging:22.0.0] AndroidManifest.xml:25:22-79
38    <uses-permission android:name="com.google.android.finsky.permission.BIND_GET_INSTALL_REFERRER_SERVICE" />
38-->[com.google.android.gms:play-services-measurement:19.0.0] AndroidManifest.xml:26:5-110
38-->[com.google.android.gms:play-services-measurement:19.0.0] AndroidManifest.xml:26:22-107
39
40    <application
40-->src\main\AndroidManifest.xml:16:5-85:19
41        android:name="androidx.multidex.MultiDexApplication"
42        android:allowBackup="true"
42-->src\main\AndroidManifest.xml:17:9-35
43        android:appComponentFactory="androidx.core.app.CoreComponentFactory"
43-->[androidx.core:core:1.6.0] AndroidManifest.xml:24:18-86
44        android:debuggable="true"
45        android:icon="@mipmap/ic_launcher"
45-->src\main\AndroidManifest.xml:18:9-43
46        android:label="@string/app_name"
46-->src\main\AndroidManifest.xml:19:9-41
47        android:networkSecurityConfig="@xml/network_security_config"
47-->src\main\AndroidManifest.xml:20:9-69
48        android:requestLegacyExternalStorage="true"
48-->src\main\AndroidManifest.xml:21:9-52
49        android:roundIcon="@mipmap/ic_launcher_round"
49-->src\main\AndroidManifest.xml:22:9-54
50        android:supportsRtl="true"
50-->src\main\AndroidManifest.xml:23:9-35
51        android:testOnly="true"
52        android:theme="@style/Theme.AppCompat.Light.NoActionBar"
52-->src\main\AndroidManifest.xml:24:9-65
53        android:usesCleartextTraffic="true" >
53-->src\main\AndroidManifest.xml:25:9-44
54        <receiver android:name="com.example.myapplication.SerachMap.AppWidget" >
54-->src\main\AndroidManifest.xml:26:9-34:20
54-->src\main\AndroidManifest.xml:26:19-54
55            <intent-filter>
55-->src\main\AndroidManifest.xml:27:13-29:29
56                <action android:name="android.appwidget.action.APPWIDGET_UPDATE" />
56-->src\main\AndroidManifest.xml:28:17-84
56-->src\main\AndroidManifest.xml:28:25-81
57            </intent-filter>
58
59            <meta-data
59-->src\main\AndroidManifest.xml:31:13-33:59
60                android:name="android.appwidget.provider"
60-->src\main\AndroidManifest.xml:32:17-58
61                android:resource="@xml/app_widget_info" />
61-->src\main\AndroidManifest.xml:33:17-56
62        </receiver>
63
64        <activity android:name="com.example.myapplication.SerachMap.SearchMap" /> <!-- <activity android:name=".LoginActivity"/> -->
64-->src\main\AndroidManifest.xml:36:9-57
64-->src\main\AndroidManifest.xml:36:19-54
65        <activity android:name="com.example.myapplication.LoginRegister.LoginActivity" >
65-->src\main\AndroidManifest.xml:37:9-43:20
65-->src\main\AndroidManifest.xml:37:19-62
66            <intent-filter>
66-->src\main\AndroidManifest.xml:38:13-42:29
67                <action android:name="android.intent.action.MAIN" />
67-->src\main\AndroidManifest.xml:39:17-69
67-->src\main\AndroidManifest.xml:39:25-66
68
69                <category android:name="android.intent.category.LAUNCHER" />
69-->src\main\AndroidManifest.xml:41:17-77
69-->src\main\AndroidManifest.xml:41:27-74
70            </intent-filter>
71        </activity>
72
73        <meta-data
73-->src\main\AndroidManifest.xml:45:9-47:64
74            android:name="com.kakao.sdk.AppKey"
74-->src\main\AndroidManifest.xml:46:13-48
75            android:value="945b139935b4dd7d948524834b84b539" /> <!-- <activity android:name=".MainActivity" /> -->
75-->src\main\AndroidManifest.xml:47:13-61
76        <!-- <activity android:name=".FamilySettingActivity" /> -->
77        <!-- <activity android:name=".SignUpActivity" /> -->
78        <!-- <activity android:name=".MypageEditActivity" /> -->
79        <!-- <activity android:name=".MypageActivity" /> -->
80        <!-- <activity android:name=".MainPageActivity" /> -->
81        <!-- <activity android:name=".BoardActivity" /> -->
82        <activity android:name="com.example.myapplication.FamilySet.MainActivity" />
82-->src\main\AndroidManifest.xml:54:9-60
82-->src\main\AndroidManifest.xml:54:19-57
83        <activity android:name="com.example.myapplication.FamilySet.FamilySettingActivity" />
83-->src\main\AndroidManifest.xml:55:9-69
83-->src\main\AndroidManifest.xml:55:19-66
84        <activity android:name="com.example.myapplication.customActivity" />
84-->src\main\AndroidManifest.xml:56:9-51
84-->src\main\AndroidManifest.xml:56:19-49
85        <activity android:name="com.example.myapplication.LoginRegister.SignUpActivity" />
85-->src\main\AndroidManifest.xml:57:9-66
85-->src\main\AndroidManifest.xml:57:19-63
86        <activity android:name="com.example.myapplication.Mypage.MypageEditActivity" />
86-->src\main\AndroidManifest.xml:58:9-63
86-->src\main\AndroidManifest.xml:58:19-60
87        <activity android:name="com.example.myapplication.Mypage.MypageActivity" />
87-->src\main\AndroidManifest.xml:59:9-59
87-->src\main\AndroidManifest.xml:59:19-56
88        <activity android:name="com.example.myapplication.HomeActivity" />
88-->src\main\AndroidManifest.xml:60:9-50
88-->src\main\AndroidManifest.xml:60:19-47
89        <activity android:name="com.example.myapplication.Home_Board.BoardActivity" />
89-->src\main\AndroidManifest.xml:61:9-62
89-->src\main\AndroidManifest.xml:61:19-59
90        <activity android:name="com.example.myapplication.StartActivity" />
90-->src\main\AndroidManifest.xml:62:9-51
90-->src\main\AndroidManifest.xml:62:19-48
91        <activity android:name="com.example.myapplication.FamilySet.DynamicLinkActivity" >
91-->src\main\AndroidManifest.xml:63:9-75:20
91-->src\main\AndroidManifest.xml:63:19-64
92            <intent-filter android:autoVerify="true" >
92-->src\main\AndroidManifest.xml:64:13-74:29
92-->src\main\AndroidManifest.xml:64:28-53
93                <action android:name="android.intent.action.VIEW" />
93-->src\main\AndroidManifest.xml:65:17-69
93-->src\main\AndroidManifest.xml:65:25-66
94
95                <category android:name="android.intent.category.DEFAULT" />
95-->src\main\AndroidManifest.xml:67:17-76
95-->src\main\AndroidManifest.xml:67:27-73
96                <category android:name="android.intent.category.BROWSABLE" />
96-->src\main\AndroidManifest.xml:68:17-78
96-->src\main\AndroidManifest.xml:68:27-75
97
98                <data
98-->src\main\AndroidManifest.xml:70:17-73:46
99                    android:host="familyship.page.link"
99-->src\main\AndroidManifest.xml:71:21-56
100                    android:path="/DynamicLinkActivity"
100-->src\main\AndroidManifest.xml:72:21-56
101                    android:scheme="https" />
101-->src\main\AndroidManifest.xml:73:21-43
102            </intent-filter>
103        </activity>
104
105        <service
105-->src\main\AndroidManifest.xml:77:9-84:19
106            android:name="com.example.myapplication.MyFirebaseMessagingService"
106-->src\main\AndroidManifest.xml:78:13-55
107            android:enabled="true"
107-->src\main\AndroidManifest.xml:79:13-35
108            android:exported="true" >
108-->src\main\AndroidManifest.xml:80:13-36
109            <intent-filter>
109-->src\main\AndroidManifest.xml:81:13-83:29
110                <action android:name="com.google.firebase.MESSAGING_EVENT" />
110-->src\main\AndroidManifest.xml:82:17-78
110-->src\main\AndroidManifest.xml:82:25-75
111            </intent-filter>
112        </service>
113        <service
113-->[com.google.firebase:firebase-storage-ktx:20.0.0] AndroidManifest.xml:12:9-18:19
114            android:name="com.google.firebase.components.ComponentDiscoveryService"
114-->[com.google.firebase:firebase-storage-ktx:20.0.0] AndroidManifest.xml:13:13-84
115            android:directBootAware="true"
115-->[com.google.firebase:firebase-common:20.0.0] AndroidManifest.xml:35:13-43
116            android:exported="false" >
116-->[com.google.firebase:firebase-storage-ktx:20.0.0] AndroidManifest.xml:14:13-37
117            <meta-data
117-->[com.google.firebase:firebase-storage-ktx:20.0.0] AndroidManifest.xml:15:13-17:85
118                android:name="com.google.firebase.components:com.google.firebase.storage.ktx.FirebaseStorageKtxRegistrar"
118-->[com.google.firebase:firebase-storage-ktx:20.0.0] AndroidManifest.xml:16:17-122
119                android:value="com.google.firebase.components.ComponentRegistrar" />
119-->[com.google.firebase:firebase-storage-ktx:20.0.0] AndroidManifest.xml:17:17-82
120            <meta-data
120-->[com.google.firebase:firebase-storage:20.0.0] AndroidManifest.xml:33:13-35:85
121                android:name="com.google.firebase.components:com.google.firebase.storage.StorageRegistrar"
121-->[com.google.firebase:firebase-storage:20.0.0] AndroidManifest.xml:34:17-107
122                android:value="com.google.firebase.components.ComponentRegistrar" />
122-->[com.google.firebase:firebase-storage:20.0.0] AndroidManifest.xml:35:17-82
123            <meta-data
123-->[com.google.firebase:firebase-auth-ktx:21.0.1] AndroidManifest.xml:11:13-13:85
124                android:name="com.google.firebase.components:com.google.firebase.auth.ktx.FirebaseAuthKtxRegistrar"
124-->[com.google.firebase:firebase-auth-ktx:21.0.1] AndroidManifest.xml:12:17-116
125                android:value="com.google.firebase.components.ComponentRegistrar" />
125-->[com.google.firebase:firebase-auth-ktx:21.0.1] AndroidManifest.xml:13:17-82
126            <meta-data
126-->[com.google.firebase:firebase-auth:21.0.1] AndroidManifest.xml:77:13-79:85
127                android:name="com.google.firebase.components:com.google.firebase.auth.FirebaseAuthRegistrar"
127-->[com.google.firebase:firebase-auth:21.0.1] AndroidManifest.xml:78:17-109
128                android:value="com.google.firebase.components.ComponentRegistrar" />
128-->[com.google.firebase:firebase-auth:21.0.1] AndroidManifest.xml:79:17-82
129            <meta-data
129-->[com.google.firebase:firebase-database-ktx:20.0.1] AndroidManifest.xml:15:13-17:85
130                android:name="com.google.firebase.components:com.google.firebase.database.ktx.FirebaseDatabaseKtxRegistrar"
130-->[com.google.firebase:firebase-database-ktx:20.0.1] AndroidManifest.xml:16:17-124
131                android:value="com.google.firebase.components.ComponentRegistrar" />
131-->[com.google.firebase:firebase-database-ktx:20.0.1] AndroidManifest.xml:17:17-82
132            <meta-data
132-->[com.google.firebase:firebase-database:20.0.1] AndroidManifest.xml:32:13-34:85
133                android:name="com.google.firebase.components:com.google.firebase.database.DatabaseRegistrar"
133-->[com.google.firebase:firebase-database:20.0.1] AndroidManifest.xml:33:17-109
134                android:value="com.google.firebase.components.ComponentRegistrar" />
134-->[com.google.firebase:firebase-database:20.0.1] AndroidManifest.xml:34:17-82
135            <meta-data
135-->[com.google.firebase:firebase-analytics-ktx:19.0.0] AndroidManifest.xml:11:13-13:85
136                android:name="com.google.firebase.components:com.google.firebase.analytics.ktx.FirebaseAnalyticsKtxRegistrar"
136-->[com.google.firebase:firebase-analytics-ktx:19.0.0] AndroidManifest.xml:12:17-126
137                android:value="com.google.firebase.components.ComponentRegistrar" />
137-->[com.google.firebase:firebase-analytics-ktx:19.0.0] AndroidManifest.xml:13:17-82
138            <meta-data
138-->[com.google.firebase:firebase-crashlytics-ktx:18.2.0] AndroidManifest.xml:27:13-29:85
139                android:name="com.google.firebase.components:com.google.firebase.crashlytics.ktx.FirebaseCrashlyticsKtxRegistrar"
139-->[com.google.firebase:firebase-crashlytics-ktx:18.2.0] AndroidManifest.xml:28:17-130
140                android:value="com.google.firebase.components.ComponentRegistrar" />
140-->[com.google.firebase:firebase-crashlytics-ktx:18.2.0] AndroidManifest.xml:29:17-82
141            <meta-data
141-->[com.google.firebase:firebase-config-ktx:21.0.0] AndroidManifest.xml:15:13-17:85
142                android:name="com.google.firebase.components:com.google.firebase.remoteconfig.ktx.FirebaseRemoteConfigKtxRegistrar"
142-->[com.google.firebase:firebase-config-ktx:21.0.0] AndroidManifest.xml:16:17-132
143                android:value="com.google.firebase.components.ComponentRegistrar" />
143-->[com.google.firebase:firebase-config-ktx:21.0.0] AndroidManifest.xml:17:17-82
144            <meta-data
144-->[com.google.firebase:firebase-firestore-ktx:23.0.3] AndroidManifest.xml:15:13-17:85
145                android:name="com.google.firebase.components:com.google.firebase.firestore.ktx.FirebaseFirestoreKtxRegistrar"
145-->[com.google.firebase:firebase-firestore-ktx:23.0.3] AndroidManifest.xml:16:17-126
146                android:value="com.google.firebase.components.ComponentRegistrar" />
146-->[com.google.firebase:firebase-firestore-ktx:23.0.3] AndroidManifest.xml:17:17-82
147            <meta-data
147-->[com.google.firebase:firebase-inappmessaging-display-ktx:20.0.0] AndroidManifest.xml:15:13-17:85
148                android:name="com.google.firebase.components:com.google.firebase.inappmessaging.display.ktx.FirebaseInAppMessagingDisplayKtxRegistrar"
148-->[com.google.firebase:firebase-inappmessaging-display-ktx:20.0.0] AndroidManifest.xml:16:17-151
149                android:value="com.google.firebase.components.ComponentRegistrar" />
149-->[com.google.firebase:firebase-inappmessaging-display-ktx:20.0.0] AndroidManifest.xml:17:17-82
150            <meta-data
150-->[com.google.firebase:firebase-messaging-ktx:22.0.0] AndroidManifest.xml:29:13-31:85
151                android:name="com.google.firebase.components:com.google.firebase.messaging.ktx.FirebaseMessagingKtxRegistrar"
151-->[com.google.firebase:firebase-messaging-ktx:22.0.0] AndroidManifest.xml:30:17-126
152                android:value="com.google.firebase.components.ComponentRegistrar" />
152-->[com.google.firebase:firebase-messaging-ktx:22.0.0] AndroidManifest.xml:31:17-82
153            <meta-data
153-->[com.google.firebase:firebase-inappmessaging-ktx:20.0.0] AndroidManifest.xml:15:13-17:85
154                android:name="com.google.firebase.components:com.google.firebase.inappmessaging.ktx.FirebaseInAppMessagingKtxRegistrar"
154-->[com.google.firebase:firebase-inappmessaging-ktx:20.0.0] AndroidManifest.xml:16:17-136
155                android:value="com.google.firebase.components.ComponentRegistrar" />
155-->[com.google.firebase:firebase-inappmessaging-ktx:20.0.0] AndroidManifest.xml:17:17-82
156            <meta-data
156-->[com.google.firebase:firebase-common-ktx:20.0.0] AndroidManifest.xml:15:13-17:85
157                android:name="com.google.firebase.components:com.google.firebase.ktx.FirebaseCommonKtxRegistrar"
157-->[com.google.firebase:firebase-common-ktx:20.0.0] AndroidManifest.xml:16:17-113
158                android:value="com.google.firebase.components.ComponentRegistrar" />
158-->[com.google.firebase:firebase-common-ktx:20.0.0] AndroidManifest.xml:17:17-82
159            <meta-data
159-->[com.google.firebase:firebase-inappmessaging-display:20.0.0] AndroidManifest.xml:26:13-28:85
160                android:name="com.google.firebase.components:com.google.firebase.inappmessaging.display.FirebaseInAppMessagingDisplayRegistrar"
160-->[com.google.firebase:firebase-inappmessaging-display:20.0.0] AndroidManifest.xml:27:17-144
161                android:value="com.google.firebase.components.ComponentRegistrar" />
161-->[com.google.firebase:firebase-inappmessaging-display:20.0.0] AndroidManifest.xml:28:17-82
162            <meta-data
162-->[com.google.firebase:firebase-dynamic-links:20.1.1] AndroidManifest.xml:27:13-29:85
163                android:name="com.google.firebase.components:com.google.firebase.dynamiclinks.internal.FirebaseDynamicLinkRegistrar"
163-->[com.google.firebase:firebase-dynamic-links:20.1.1] AndroidManifest.xml:28:17-133
164                android:value="com.google.firebase.components.ComponentRegistrar" />
164-->[com.google.firebase:firebase-dynamic-links:20.1.1] AndroidManifest.xml:29:17-82
165            <meta-data
165-->[com.google.firebase:firebase-firestore:23.0.3] AndroidManifest.xml:20:13-22:85
166                android:name="com.google.firebase.components:com.google.firebase.firestore.FirestoreRegistrar"
166-->[com.google.firebase:firebase-firestore:23.0.3] AndroidManifest.xml:21:17-111
167                android:value="com.google.firebase.components.ComponentRegistrar" />
167-->[com.google.firebase:firebase-firestore:23.0.3] AndroidManifest.xml:22:17-82
168            <meta-data
168-->[com.google.firebase:firebase-config:21.0.0] AndroidManifest.xml:32:13-34:85
169                android:name="com.google.firebase.components:com.google.firebase.remoteconfig.RemoteConfigRegistrar"
169-->[com.google.firebase:firebase-config:21.0.0] AndroidManifest.xml:33:17-117
170                android:value="com.google.firebase.components.ComponentRegistrar" />
170-->[com.google.firebase:firebase-config:21.0.0] AndroidManifest.xml:34:17-82
171            <meta-data
171-->[com.google.firebase:firebase-inappmessaging:20.0.0] AndroidManifest.xml:17:13-19:85
172                android:name="com.google.firebase.components:com.google.firebase.inappmessaging.FirebaseInAppMessagingRegistrar"
172-->[com.google.firebase:firebase-inappmessaging:20.0.0] AndroidManifest.xml:18:17-129
173                android:value="com.google.firebase.components.ComponentRegistrar" />
173-->[com.google.firebase:firebase-inappmessaging:20.0.0] AndroidManifest.xml:19:17-82
174            <meta-data
174-->[com.google.firebase:firebase-abt:21.0.0] AndroidManifest.xml:13:13-15:85
175                android:name="com.google.firebase.components:com.google.firebase.abt.component.AbtRegistrar"
175-->[com.google.firebase:firebase-abt:21.0.0] AndroidManifest.xml:14:17-109
176                android:value="com.google.firebase.components.ComponentRegistrar" />
176-->[com.google.firebase:firebase-abt:21.0.0] AndroidManifest.xml:15:17-82
177            <meta-data
177-->[com.google.firebase:firebase-crashlytics:18.2.0] AndroidManifest.xml:18:13-20:85
178                android:name="com.google.firebase.components:com.google.firebase.crashlytics.CrashlyticsRegistrar"
178-->[com.google.firebase:firebase-crashlytics:18.2.0] AndroidManifest.xml:19:17-115
179                android:value="com.google.firebase.components.ComponentRegistrar" />
179-->[com.google.firebase:firebase-crashlytics:18.2.0] AndroidManifest.xml:20:17-82
180            <meta-data
180-->[com.google.firebase:firebase-messaging:22.0.0] AndroidManifest.xml:52:13-54:85
181                android:name="com.google.firebase.components:com.google.firebase.messaging.FirebaseMessagingRegistrar"
181-->[com.google.firebase:firebase-messaging:22.0.0] AndroidManifest.xml:53:17-119
182                android:value="com.google.firebase.components.ComponentRegistrar" />
182-->[com.google.firebase:firebase-messaging:22.0.0] AndroidManifest.xml:54:17-82
183            <meta-data
183-->[com.google.android.gms:play-services-measurement-api:19.0.0] AndroidManifest.xml:30:13-32:85
184                android:name="com.google.firebase.components:com.google.firebase.analytics.connector.internal.AnalyticsConnectorRegistrar"
184-->[com.google.android.gms:play-services-measurement-api:19.0.0] AndroidManifest.xml:31:17-139
185                android:value="com.google.firebase.components.ComponentRegistrar" />
185-->[com.google.android.gms:play-services-measurement-api:19.0.0] AndroidManifest.xml:32:17-82
186            <meta-data
186-->[com.google.firebase:firebase-installations:17.0.0] AndroidManifest.xml:18:13-20:85
187                android:name="com.google.firebase.components:com.google.firebase.installations.FirebaseInstallationsRegistrar"
187-->[com.google.firebase:firebase-installations:17.0.0] AndroidManifest.xml:19:17-127
188                android:value="com.google.firebase.components.ComponentRegistrar" />
188-->[com.google.firebase:firebase-installations:17.0.0] AndroidManifest.xml:20:17-82
189            <meta-data
189-->[com.google.firebase:firebase-datatransport:18.0.0] AndroidManifest.xml:28:13-30:85
190                android:name="com.google.firebase.components:com.google.firebase.datatransport.TransportRegistrar"
190-->[com.google.firebase:firebase-datatransport:18.0.0] AndroidManifest.xml:29:17-115
191                android:value="com.google.firebase.components.ComponentRegistrar" />
191-->[com.google.firebase:firebase-datatransport:18.0.0] AndroidManifest.xml:30:17-82
192        </service>
193
194        <activity
194-->[com.google.firebase:firebase-auth:21.0.1] AndroidManifest.xml:27:9-44:20
195            android:name="com.google.firebase.auth.internal.GenericIdpActivity"
195-->[com.google.firebase:firebase-auth:21.0.1] AndroidManifest.xml:28:13-80
196            android:excludeFromRecents="true"
196-->[com.google.firebase:firebase-auth:21.0.1] AndroidManifest.xml:29:13-46
197            android:exported="true"
197-->[com.google.firebase:firebase-auth:21.0.1] AndroidManifest.xml:30:13-36
198            android:launchMode="singleTask"
198-->[com.google.firebase:firebase-auth:21.0.1] AndroidManifest.xml:31:13-44
199            android:theme="@android:style/Theme.Translucent.NoTitleBar" >
199-->[com.google.firebase:firebase-auth:21.0.1] AndroidManifest.xml:32:13-72
200            <intent-filter>
200-->[com.google.firebase:firebase-auth:21.0.1] AndroidManifest.xml:33:13-43:29
201                <action android:name="android.intent.action.VIEW" />
201-->src\main\AndroidManifest.xml:65:17-69
201-->src\main\AndroidManifest.xml:65:25-66
202
203                <category android:name="android.intent.category.DEFAULT" />
203-->src\main\AndroidManifest.xml:67:17-76
203-->src\main\AndroidManifest.xml:67:27-73
204                <category android:name="android.intent.category.BROWSABLE" />
204-->src\main\AndroidManifest.xml:68:17-78
204-->src\main\AndroidManifest.xml:68:27-75
205
206                <data
206-->src\main\AndroidManifest.xml:70:17-73:46
207                    android:host="firebase.auth"
207-->src\main\AndroidManifest.xml:71:21-56
208                    android:path="/"
208-->src\main\AndroidManifest.xml:72:21-56
209                    android:scheme="genericidp" />
209-->src\main\AndroidManifest.xml:73:21-43
210            </intent-filter>
211        </activity>
212        <activity
212-->[com.google.firebase:firebase-auth:21.0.1] AndroidManifest.xml:45:9-62:20
213            android:name="com.google.firebase.auth.internal.RecaptchaActivity"
213-->[com.google.firebase:firebase-auth:21.0.1] AndroidManifest.xml:46:13-79
214            android:excludeFromRecents="true"
214-->[com.google.firebase:firebase-auth:21.0.1] AndroidManifest.xml:47:13-46
215            android:exported="true"
215-->[com.google.firebase:firebase-auth:21.0.1] AndroidManifest.xml:48:13-36
216            android:launchMode="singleTask"
216-->[com.google.firebase:firebase-auth:21.0.1] AndroidManifest.xml:49:13-44
217            android:theme="@android:style/Theme.Translucent.NoTitleBar" >
217-->[com.google.firebase:firebase-auth:21.0.1] AndroidManifest.xml:50:13-72
218            <intent-filter>
218-->[com.google.firebase:firebase-auth:21.0.1] AndroidManifest.xml:51:13-61:29
219                <action android:name="android.intent.action.VIEW" />
219-->src\main\AndroidManifest.xml:65:17-69
219-->src\main\AndroidManifest.xml:65:25-66
220
221                <category android:name="android.intent.category.DEFAULT" />
221-->src\main\AndroidManifest.xml:67:17-76
221-->src\main\AndroidManifest.xml:67:27-73
222                <category android:name="android.intent.category.BROWSABLE" />
222-->src\main\AndroidManifest.xml:68:17-78
222-->src\main\AndroidManifest.xml:68:27-75
223
224                <data
224-->src\main\AndroidManifest.xml:70:17-73:46
225                    android:host="firebase.auth"
225-->src\main\AndroidManifest.xml:71:21-56
226                    android:path="/"
226-->src\main\AndroidManifest.xml:72:21-56
227                    android:scheme="recaptcha" />
227-->src\main\AndroidManifest.xml:73:21-43
228            </intent-filter>
229        </activity>
230
231        <service
231-->[com.google.firebase:firebase-auth:21.0.1] AndroidManifest.xml:64:9-73:19
232            android:name="com.google.firebase.auth.api.fallback.service.FirebaseAuthFallbackService"
232-->[com.google.firebase:firebase-auth:21.0.1] AndroidManifest.xml:65:13-101
233            android:enabled="true"
233-->[com.google.firebase:firebase-auth:21.0.1] AndroidManifest.xml:66:13-35
234            android:exported="false" >
234-->[com.google.firebase:firebase-auth:21.0.1] AndroidManifest.xml:67:13-37
235            <intent-filter>
235-->[com.google.firebase:firebase-auth:21.0.1] AndroidManifest.xml:68:13-72:29
236                <action android:name="com.google.firebase.auth.api.gms.service.START" />
236-->[com.google.firebase:firebase-auth:21.0.1] AndroidManifest.xml:69:17-89
236-->[com.google.firebase:firebase-auth:21.0.1] AndroidManifest.xml:69:25-86
237
238                <category android:name="android.intent.category.DEFAULT" />
238-->src\main\AndroidManifest.xml:67:17-76
238-->src\main\AndroidManifest.xml:67:27-73
239            </intent-filter>
240        </service>
241
242        <provider
242-->[androidx.work:work-runtime:2.5.0] AndroidManifest.xml:31:9-37:35
243            android:name="androidx.work.impl.WorkManagerInitializer"
243-->[androidx.work:work-runtime:2.5.0] AndroidManifest.xml:32:13-69
244            android:authorities="com.example.myapplication.workmanager-init"
244-->[androidx.work:work-runtime:2.5.0] AndroidManifest.xml:33:13-68
245            android:directBootAware="false"
245-->[androidx.work:work-runtime:2.5.0] AndroidManifest.xml:34:13-44
246            android:exported="false"
246-->[androidx.work:work-runtime:2.5.0] AndroidManifest.xml:35:13-37
247            android:multiprocess="true" />
247-->[androidx.work:work-runtime:2.5.0] AndroidManifest.xml:36:13-40
248
249        <service
249-->[androidx.work:work-runtime:2.5.0] AndroidManifest.xml:39:9-44:35
250            android:name="androidx.work.impl.background.systemalarm.SystemAlarmService"
250-->[androidx.work:work-runtime:2.5.0] AndroidManifest.xml:40:13-88